TN:
SF:/Users/wkrause/Documents/react-native/miamiTrolleyTracker/src/routes/MainMap/modules/MainMap.js
FN:64,requestRoutes
FN:70,receiveRoutes
FN:81,fetchRoutes
FN:88,(anonymous_8)
FN:90,(anonymous_9)
FN:92,(anonymous_10)
FN:94,(anonymous_11)
FN:97,readDefaultRoutes
FN:97,readDefaultRoutes$
FN:111,(anonymous_14)
FN:120,(anonymous_15)
FN:126,requestStop
FN:133,receiveStop
FN:142,rawFetchStopData
FN:144,(anonymous_19)
FN:145,(anonymous_20)
FN:148,(anonymous_21)
FN:153,fetchStopData
FN:154,(anonymous_23)
FN:156,(anonymous_24)
FN:158,(anonymous_25)
FN:161,(anonymous_26)
FN:169,(anonymous_27)
FN:175,receiveTrolleys
FN:182,toggleRoute
FN:189,requestEnableAllRoutes
FN:195,allRoutes
FN:201,enableAllRoutes
FN:202,(anonymous_33)
FN:204,(anonymous_34)
FN:205,(anonymous_35)
FN:213,incrementRenderKey
FN:219,fetchTrolleys
FN:220,(anonymous_38)
FN:222,(anonymous_39)
FN:223,(anonymous_40)
FN:226,(anonymous_41)
FN:232,updatedSelectedRouteId
FN:239,updateRegion
FN:246,requestBikes
FN:252,receiveBikes
FN:259,fetchBikeLocations
FN:261,(anonymous_47)
FN:266,(anonymous_48)
FN:267,(anonymous_49)
FN:270,(anonymous_50)
FN:277,toggleBikes
FN:310,getAllRoutes
FN:312,(anonymous_53)
FN:320,getAllRoutesForDrawer
FN:322,(anonymous_55)
FN:336,getActiveStops
FN:348,(anonymous_57)
FN:350,(anonymous_58)
FN:353,(anonymous_59)
FN:389,receiveRoutesHandler
FN:397,(anonymous_61)
FN:405,(anonymous_62)
FN:430,(anonymous_63)
FN:437,(anonymous_64)
FN:447,receiveTrolleysHandler
FN:455,(anonymous_66)
FN:489,(anonymous_67)
FN:494,(anonymous_68)
FN:501,(anonymous_69)
FN:511,requestStopHandler
FN:513,(anonymous_71)
FN:515,(anonymous_72)
FN:537,receiveStopHandler
FN:542,(anonymous_74)
FN:548,(anonymous_75)
FN:562,toggleRouteHandler
FN:564,(anonymous_77)
FN:583,requestEnableAllRoutesHandler
FN:587,enableAllRoutesHandler
FN:589,(anonymous_80)
FN:593,(anonymous_81)
FN:604,updatedSelectedRouteIdHandler
FN:608,updateRegionHandler
FN:611,(anonymous_84)
FN:617,(anonymous_85)
FN:628,incrementRenderKeyHandler
FN:632,requestBikesHandler
FN:636,receiveBikesHandler
FN:658,toggleBikesHandler
FN:661,(anonymous_90)
FN:667,(anonymous_91)
FN:676,(anonymous_92)
FN:719,MainMapReducer
FN:728,processShapeData
FN:744,(anonymous_95)
FNF:91
FNH:47
FNDA:1,requestRoutes
FNDA:6,receiveRoutes
FNDA:0,fetchRoutes
FNDA:0,(anonymous_8)
FNDA:0,(anonymous_9)
FNDA:0,(anonymous_10)
FNDA:0,(anonymous_11)
FNDA:0,readDefaultRoutes
FNDA:0,readDefaultRoutes$
FNDA:0,(anonymous_14)
FNDA:0,(anonymous_15)
FNDA:2,requestStop
FNDA:4,receiveStop
FNDA:0,rawFetchStopData
FNDA:0,(anonymous_19)
FNDA:0,(anonymous_20)
FNDA:0,(anonymous_21)
FNDA:0,fetchStopData
FNDA:0,(anonymous_23)
FNDA:0,(anonymous_24)
FNDA:0,(anonymous_25)
FNDA:0,(anonymous_26)
FNDA:0,(anonymous_27)
FNDA:17,receiveTrolleys
FNDA:5,toggleRoute
FNDA:5,requestEnableAllRoutes
FNDA:4,allRoutes
FNDA:4,enableAllRoutes
FNDA:3,(anonymous_33)
FNDA:3,(anonymous_34)
FNDA:3,(anonymous_35)
FNDA:2,incrementRenderKey
FNDA:5,fetchTrolleys
FNDA:4,(anonymous_38)
FNDA:3,(anonymous_39)
FNDA:3,(anonymous_40)
FNDA:1,(anonymous_41)
FNDA:3,updatedSelectedRouteId
FNDA:2,updateRegion
FNDA:5,requestBikes
FNDA:6,receiveBikes
FNDA:5,fetchBikeLocations
FNDA:4,(anonymous_47)
FNDA:3,(anonymous_48)
FNDA:3,(anonymous_49)
FNDA:1,(anonymous_50)
FNDA:1,toggleBikes
FNDA:4,getAllRoutes
FNDA:20,(anonymous_53)
FNDA:0,getAllRoutesForDrawer
FNDA:0,(anonymous_55)
FNDA:6,getActiveStops
FNDA:4,(anonymous_57)
FNDA:40,(anonymous_58)
FNDA:912,(anonymous_59)
FNDA:0,receiveRoutesHandler
FNDA:0,(anonymous_61)
FNDA:0,(anonymous_62)
FNDA:0,(anonymous_63)
FNDA:0,(anonymous_64)
FNDA:13,receiveTrolleysHandler
FNDA:160,(anonymous_66)
FNDA:160,(anonymous_67)
FNDA:150,(anonymous_68)
FNDA:0,(anonymous_69)
FNDA:0,requestStopHandler
FNDA:0,(anonymous_71)
FNDA:0,(anonymous_72)
FNDA:0,receiveStopHandler
FNDA:0,(anonymous_74)
FNDA:0,(anonymous_75)
FNDA:3,toggleRouteHandler
FNDA:72,(anonymous_77)
FNDA:3,requestEnableAllRoutesHandler
FNDA:2,enableAllRoutesHandler
FNDA:0,(anonymous_80)
FNDA:0,(anonymous_81)
FNDA:1,updatedSelectedRouteIdHandler
FNDA:0,updateRegionHandler
FNDA:0,(anonymous_84)
FNDA:0,(anonymous_85)
FNDA:2,incrementRenderKeyHandler
FNDA:2,requestBikesHandler
FNDA:2,receiveBikesHandler
FNDA:0,toggleBikesHandler
FNDA:0,(anonymous_90)
FNDA:0,(anonymous_91)
FNDA:0,(anonymous_92)
FNDA:65,MainMapReducer
FNDA:0,processShapeData
FNDA:0,(anonymous_95)
DA:1,1
DA:3,1
DA:4,1
DA:6,1
DA:14,1
DA:15,1
DA:17,1
DA:18,1
DA:20,1
DA:22,1
DA:24,1
DA:25,1
DA:27,1
DA:29,1
DA:31,1
DA:33,1
DA:34,1
DA:35,1
DA:37,1
DA:65,1
DA:71,6
DA:82,0
DA:88,0
DA:89,0
DA:90,0
DA:91,0
DA:92,0
DA:94,0
DA:97,0
DA:99,0
DA:106,0
DA:109,0
DA:110,0
DA:111,0
DA:112,0
DA:113,0
DA:115,0
DA:116,0
DA:118,0
DA:121,0
DA:127,2
DA:134,4
DA:142,0
DA:143,0
DA:144,0
DA:146,0
DA:149,0
DA:154,0
DA:155,0
DA:156,0
DA:157,0
DA:158,0
DA:160,0
DA:162,0
DA:166,0
DA:170,0
DA:176,17
DA:183,5
DA:190,5
DA:196,4
DA:202,4
DA:203,3
DA:204,3
DA:205,3
DA:206,3
DA:207,3
DA:214,2
DA:220,5
DA:221,4
DA:222,3
DA:224,3
DA:227,1
DA:233,3
DA:240,2
DA:247,5
DA:253,6
DA:260,5
DA:261,5
DA:262,4
DA:263,4
DA:266,3
DA:268,3
DA:271,1
DA:272,1
DA:278,1
DA:284,1
DA:310,1
DA:311,4
DA:312,4
DA:313,20
DA:315,4
DA:317,0
DA:320,1
DA:321,0
DA:322,0
DA:323,0
DA:324,0
DA:331,0
DA:333,0
DA:336,16
DA:337,6
DA:338,2
DA:340,4
DA:341,4
DA:342,4
DA:343,4
DA:344,4
DA:348,8
DA:349,4
DA:350,4
DA:351,40
DA:352,40
DA:353,16
DA:354,912
DA:355,172
DA:361,4
DA:363,0
DA:366,1
DA:389,1
DA:390,0
DA:391,0
DA:393,0
DA:394,0
DA:396,0
DA:397,0
DA:398,0
DA:399,0
DA:400,0
DA:402,0
DA:404,0
DA:405,0
DA:407,0
DA:408,0
DA:410,0
DA:411,0
DA:412,0
DA:413,0
DA:416,0
DA:430,0
DA:431,0
DA:436,0
DA:437,0
DA:438,0
DA:439,0
DA:440,0
DA:442,0
DA:447,1
DA:448,13
DA:449,7
DA:451,6
DA:452,1
DA:454,5
DA:455,5
DA:457,160
DA:458,10
DA:460,150
DA:461,150
DA:462,0
DA:463,0
DA:464,0
DA:465,0
DA:467,0
DA:470,150
DA:471,150
DA:472,150
DA:473,0
DA:475,150
DA:489,5
DA:490,160
DA:493,5
DA:494,5
DA:495,150
DA:496,20
DA:499,5
DA:500,5
DA:501,5
DA:502,0
DA:503,0
DA:505,0
DA:508,5
DA:511,1
DA:512,0
DA:513,0
DA:514,0
DA:515,0
DA:516,0
DA:517,0
DA:518,0
DA:519,0
DA:520,0
DA:523,0
DA:524,0
DA:525,0
DA:526,0
DA:529,0
DA:531,0
DA:532,0
DA:534,0
DA:537,1
DA:538,0
DA:539,0
DA:541,0
DA:542,0
DA:543,0
DA:545,0
DA:546,0
DA:547,0
DA:548,0
DA:549,0
DA:550,0
DA:552,0
DA:553,0
DA:556,0
DA:558,0
DA:559,0
DA:562,1
DA:563,3
DA:564,3
DA:565,72
DA:566,15
DA:568,57
DA:570,3
DA:583,1
DA:584,3
DA:587,1
DA:588,2
DA:589,2
DA:590,0
DA:591,0
DA:593,2
DA:594,0
DA:596,2
DA:604,1
DA:605,1
DA:608,1
DA:609,0
DA:610,0
DA:611,0
DA:612,0
DA:613,0
DA:614,0
DA:615,0
DA:616,0
DA:617,0
DA:618,0
DA:623,0
DA:625,0
DA:628,1
DA:629,2
DA:632,1
DA:633,2
DA:636,1
DA:637,2
DA:638,2
DA:639,0
DA:641,2
DA:642,2
DA:643,2
DA:644,298
DA:645,298
DA:646,298
DA:647,298
DA:648,298
DA:649,298
DA:651,298
DA:652,292
DA:655,2
DA:658,1
DA:659,0
DA:660,0
DA:661,0
DA:662,0
DA:663,0
DA:664,0
DA:665,0
DA:666,0
DA:667,0
DA:668,0
DA:670,0
DA:672,0
DA:675,1
DA:676,0
DA:697,1
DA:719,65
DA:720,65
DA:721,65
DA:729,0
DA:730,0
DA:731,0
DA:732,0
DA:733,0
DA:734,0
DA:735,0
DA:736,0
DA:738,0
DA:741,0
DA:742,0
DA:743,0
DA:744,0
DA:745,0
DA:746,0
DA:747,0
DA:748,0
DA:751,0
DA:752,0
DA:754,0
LF:306
LH:147
BRDA:91,1,0,0
BRDA:91,1,1,0
BRDA:97,2,0,0
BRDA:97,2,1,0
BRDA:97,2,2,0
BRDA:97,2,3,0
BRDA:97,2,4,0
BRDA:97,2,5,0
BRDA:97,2,6,0
BRDA:97,3,0,0
BRDA:97,3,1,0
BRDA:142,4,0,0
BRDA:142,4,1,0
BRDA:142,5,0,0
BRDA:142,5,1,0
BRDA:157,6,0,0
BRDA:157,6,1,0
BRDA:157,7,0,0
BRDA:157,7,1,0
BRDA:157,7,2,0
BRDA:311,8,0,4
BRDA:311,8,1,0
BRDA:321,9,0,0
BRDA:321,9,1,0
BRDA:337,10,0,2
BRDA:337,10,1,4
BRDA:348,11,0,4
BRDA:348,11,1,0
BRDA:352,12,0,16
BRDA:352,12,1,24
BRDA:354,13,0,172
BRDA:354,13,1,740
BRDA:354,14,0,912
BRDA:354,14,1,568
BRDA:354,14,2,248
BRDA:354,14,3,180
BRDA:348,15,0,4
BRDA:348,15,1,0
BRDA:390,16,0,0
BRDA:390,16,1,0
BRDA:393,17,0,0
BRDA:393,17,1,0
BRDA:393,18,0,0
BRDA:393,18,1,0
BRDA:399,19,0,0
BRDA:399,19,1,0
BRDA:407,20,0,0
BRDA:407,20,1,0
BRDA:412,21,0,0
BRDA:412,21,1,0
BRDA:448,22,0,7
BRDA:448,22,1,6
BRDA:448,23,0,13
BRDA:448,23,1,8
BRDA:451,24,0,1
BRDA:451,24,1,5
BRDA:457,25,0,10
BRDA:457,25,1,150
BRDA:461,26,0,0
BRDA:461,26,1,150
BRDA:464,27,0,0
BRDA:464,27,1,0
BRDA:464,28,0,0
BRDA:464,28,1,0
BRDA:472,29,0,0
BRDA:472,29,1,150
BRDA:495,30,0,20
BRDA:495,30,1,130
BRDA:502,31,0,0
BRDA:502,31,1,0
BRDA:516,32,0,0
BRDA:516,32,1,0
BRDA:518,33,0,0
BRDA:518,33,1,0
BRDA:524,34,0,0
BRDA:524,34,1,0
BRDA:538,35,0,0
BRDA:538,35,1,0
BRDA:549,36,0,0
BRDA:549,36,1,0
BRDA:559,37,0,0
BRDA:559,37,1,0
BRDA:565,38,0,15
BRDA:565,38,1,57
BRDA:611,39,0,0
BRDA:611,39,1,0
BRDA:618,40,0,0
BRDA:618,40,1,0
BRDA:618,40,2,0
BRDA:618,40,3,0
BRDA:638,41,0,0
BRDA:638,41,1,2
BRDA:651,42,0,292
BRDA:651,42,1,6
BRDA:661,43,0,0
BRDA:661,43,1,0
BRDA:668,44,0,0
BRDA:668,44,1,0
BRDA:668,44,2,0
BRDA:668,44,3,0
BRDA:719,45,0,24
BRDA:719,45,1,41
BRDA:719,46,0,65
BRDA:719,46,1,65
BRDA:721,47,0,28
BRDA:721,47,1,37
BRDA:734,48,0,0
BRDA:734,48,1,0
BRDA:735,49,0,0
BRDA:735,49,1,0
BRDA:747,50,0,0
BRDA:747,50,1,0
BRDA:747,51,0,0
BRDA:747,51,1,0
BRF:114
BRH:36
end_of_record
TN:
SF:/Users/wkrause/Documents/react-native/miamiTrolleyTracker/src/utils/index.js
FNF:0
FNH:0
DA:1,1
DA:2,1
LF:2
LH:2
BRF:0
BRH:0
end_of_record
